<?xml version="1.0" encoding="UTF-8"?>
<testsuite xmlns:xsi="http://www.w3.org/2001/XMLSchema-instance" xsi:noNamespaceSchemaLocation="https://maven.apache.org/surefire/maven-failsafe-plugin/xsd/failsafe-test-report.xsd" name="Search by keyword" time="21.864" tests="2" errors="0" skipped="0" failures="2">
  <properties>
    <property name="sun.desktop" value="windows"/>
    <property name="awt.toolkit" value="sun.awt.windows.WToolkit"/>
    <property name="java.specification.version" value="11"/>
    <property name="webdriver.chrome.driver" value="C:\Users\617774\Desktop\compare_the_market_serenity_cucumber\src\test\resources\webdriver\windows\chromedriver.exe"/>
    <property name="sun.cpu.isalist" value="amd64"/>
    <property name="sun.jnu.encoding" value="Cp1252"/>
    <property name="java.class.path" value="C:\Users\617774\Desktop\compare_the_market_serenity_cucumber\target\test-classes;C:\Users\617774\Desktop\compare_the_market_serenity_cucumber\target\serenity-cucumber-starter-1.0.0-SNAPSHOT.jar;C:\Users\617774\.m2\repository\ch\qos\logback\logback-classic\1.0.13\logback-classic-1.0.13.jar;C:\Users\617774\.m2\repository\ch\qos\logback\logback-core\1.0.13\logback-core-1.0.13.jar;C:\Users\617774\.m2\repository\org\slf4j\slf4j-api\1.7.5\slf4j-api-1.7.5.jar;C:\Users\617774\.m2\repository\net\serenity-bdd\serenity-core\2.0.91\serenity-core-2.0.91.jar;C:\Users\617774\.m2\repository\net\bytebuddy\byte-buddy\1.10.1\byte-buddy-1.10.1.jar;C:\Users\617774\.m2\repository\net\bytebuddy\byte-buddy-agent\1.10.1\byte-buddy-agent-1.10.1.jar;C:\Users\617774\.m2\repository\com\google\guava\guava\25.0-jre\guava-25.0-jre.jar;C:\Users\617774\.m2\repository\com\google\code\findbugs\jsr305\1.3.9\jsr305-1.3.9.jar;C:\Users\617774\.m2\repository\org\checkerframework\checker-compat-qual\2.0.0\checker-compat-qual-2.0.0.jar;C:\Users\617774\.m2\repository\com\google\errorprone\error_prone_annotations\2.1.3\error_prone_annotations-2.1.3.jar;C:\Users\617774\.m2\repository\com\google\j2objc\j2objc-annotations\1.1\j2objc-annotations-1.1.jar;C:\Users\617774\.m2\repository\org\codehaus\mojo\animal-sniffer-annotations\1.14\animal-sniffer-annotations-1.14.jar;C:\Users\617774\.m2\repository\com\google\inject\guice\4.2.2\guice-4.2.2.jar;C:\Users\617774\.m2\repository\javax\inject\javax.inject\1\javax.inject-1.jar;C:\Users\617774\.m2\repository\aopalliance\aopalliance\1.0\aopalliance-1.0.jar;C:\Users\617774\.m2\repository\org\ow2\asm\asm\7.2\asm-7.2.jar;C:\Users\617774\.m2\repository\commons-codec\commons-codec\1.10\commons-codec-1.10.jar;C:\Users\617774\.m2\repository\org\objenesis\objenesis\3.0.1\objenesis-3.0.1.jar;C:\Users\617774\.m2\repository\xml-apis\xml-apis\1.4.01\xml-apis-1.4.01.jar;C:\Users\617774\.m2\repository\io\cucumber\cucumber-core\2.4.0\cucumber-core-2.4.0.jar;C:\Users\617774\.m2\repository\info\cukes\cucumber-html\0.2.6\cucumber-html-0.2.6.jar;C:\Users\617774\.m2\repository\io\cucumber\cucumber-jvm-deps\1.0.6\cucumber-jvm-deps-1.0.6.jar;C:\Users\617774\.m2\repository\io\cucumber\gherkin\5.0.0\gherkin-5.0.0.jar;C:\Users\617774\.m2\repository\io\cucumber\tag-expressions\1.1.1\tag-expressions-1.1.1.jar;C:\Users\617774\.m2\repository\commons-logging\commons-logging\1.2\commons-logging-1.2.jar;C:\Users\617774\.m2\repository\io\vavr\vavr\0.9.0\vavr-0.9.0.jar;C:\Users\617774\.m2\repository\io\vavr\vavr-match\0.9.0\vavr-match-0.9.0.jar;C:\Users\617774\.m2\repository\javax\xml\bind\jaxb-api\2.2.12\jaxb-api-2.2.12.jar;C:\Users\617774\.m2\repository\com\sun\xml\bind\jaxb-core\2.3.0.1\jaxb-core-2.3.0.1.jar;C:\Users\617774\.m2\repository\com\sun\xml\bind\jaxb-impl\2.3.0.1\jaxb-impl-2.3.0.1.jar;C:\Users\617774\.m2\repository\javax\activation\activation\1.1.1\activation-1.1.1.jar;C:\Users\617774\.m2\repository\org\mockito\mockito-core\3.1.0\mockito-core-3.1.0.jar;C:\Users\617774\.m2\repository\net\serenity-bdd\serenity-report-resources\2.0.91\serenity-report-resources-2.0.91.jar;C:\Users\617774\.m2\repository\net\serenity-bdd\serenity-model\2.0.91\serenity-model-2.0.91.jar;C:\Users\617774\.m2\repository\commons-net\commons-net\3.6\commons-net-3.6.jar;C:\Users\617774\.m2\repository\org\apache\commons\commons-text\1.6\commons-text-1.6.jar;C:\Users\617774\.m2\repository\es\nitaur\markdown\txtmark\0.16\txtmark-0.16.jar;C:\Users\617774\.m2\repository\net\serenity-bdd\serenity-reports\2.0.91\serenity-reports-2.0.91.jar;C:\Users\617774\.m2\repository\net\serenity-bdd\serenity-stats\2.0.91\serenity-stats-2.0.91.jar;C:\Users\617774\.m2\repository\org\jetbrains\kotlin\kotlin-stdlib\1.3.31\kotlin-stdlib-1.3.31.jar;C:\Users\617774\.m2\repository\org\jetbrains\kotlin\kotlin-stdlib-common\1.3.31\kotlin-stdlib-common-1.3.31.jar;C:\Users\617774\.m2\repository\org\jetbrains\annotations\13.0\annotations-13.0.jar;C:\Users\617774\.m2\repository\com\google\code\gson\gson\2.8.4\gson-2.8.4.jar;C:\Users\617774\.m2\repository\commons-io\commons-io\2.6\commons-io-2.6.jar;C:\Users\617774\.m2\repository\org\seleniumhq\selenium\selenium-server\3.141.59\selenium-server-3.141.59.jar;C:\Users\617774\.m2\repository\org\seleniumhq\selenium\selenium-firefox-driver\3.141.59\selenium-firefox-driver-3.141.59.jar;C:\Users\617774\.m2\repository\org\seleniumhq\selenium\selenium-ie-driver\3.141.59\selenium-ie-driver-3.141.59.jar;C:\Users\617774\.m2\repository\com\beust\jcommander\1.72\jcommander-1.72.jar;C:\Users\617774\.m2\repository\org\apache\commons\commons-exec\1.3\commons-exec-1.3.jar;C:\Users\617774\.m2\repository\net\jcip\jcip-annotations\1.0\jcip-annotations-1.0.jar;C:\Users\617774\.m2\repository\org\seleniumhq\selenium\jetty-repacked\9.4.12.v20180830\jetty-repacked-9.4.12.v20180830.jar;C:\Users\617774\.m2\repository\com\squareup\okhttp3\okhttp\3.11.0\okhttp-3.11.0.jar;C:\Users\617774\.m2\repository\com\squareup\okio\okio\1.14.0\okio-1.14.0.jar;C:\Users\617774\.m2\repository\javax\servlet\javax.servlet-api\3.1.0\javax.servlet-api-3.1.0.jar;C:\Users\617774\.m2\repository\org\yaml\snakeyaml\1.19\snakeyaml-1.19.jar;C:\Users\617774\.m2\repository\org\seleniumhq\selenium\selenium-java\3.141.59\selenium-java-3.141.59.jar;C:\Users\617774\.m2\repository\org\seleniumhq\selenium\selenium-api\3.141.59\selenium-api-3.141.59.jar;C:\Users\617774\.m2\repository\org\seleniumhq\selenium\selenium-chrome-driver\3.141.59\selenium-chrome-driver-3.141.59.jar;C:\Users\617774\.m2\repository\org\seleniumhq\selenium\selenium-edge-driver\3.141.59\selenium-edge-driver-3.141.59.jar;C:\Users\617774\.m2\repository\org\seleniumhq\selenium\selenium-remote-driver\3.141.59\selenium-remote-driver-3.141.59.jar;C:\Users\617774\.m2\repository\org\seleniumhq\selenium\selenium-safari-driver\3.141.59\selenium-safari-driver-3.141.59.jar;C:\Users\617774\.m2\repository\org\seleniumhq\selenium\selenium-opera-driver\3.141.59\selenium-opera-driver-3.141.59.jar;C:\Users\617774\.m2\repository\org\seleniumhq\selenium\selenium-support\3.141.59\selenium-support-3.141.59.jar;C:\Users\617774\.m2\repository\com\paulhammant\ngwebdriver\1.1.4\ngwebdriver-1.1.4.jar;C:\Users\617774\.m2\repository\com\codeborne\phantomjsdriver\1.4.4\phantomjsdriver-1.4.4.jar;C:\Users\617774\.m2\repository\org\seleniumhq\selenium\htmlunit-driver\2.36.0\htmlunit-driver-2.36.0.jar;C:\Users\617774\.m2\repository\io\appium\java-client\7.3.0\java-client-7.3.0.jar;C:\Users\617774\.m2\repository\commons-validator\commons-validator\1.6\commons-validator-1.6.jar;C:\Users\617774\.m2\repository\commons-beanutils\commons-beanutils\1.9.2\commons-beanutils-1.9.2.jar;C:\Users\617774\.m2\repository\commons-digester\commons-digester\1.8.1\commons-digester-1.8.1.jar;C:\Users\617774\.m2\repository\org\aspectj\aspectjweaver\1.9.4\aspectjweaver-1.9.4.jar;C:\Users\617774\.m2\repository\org\springframework\spring-context-support\5.1.2.RELEASE\spring-context-support-5.1.2.RELEASE.jar;C:\Users\617774\.m2\repository\org\springframework\spring-beans\5.1.2.RELEASE\spring-beans-5.1.2.RELEASE.jar;C:\Users\617774\.m2\repository\org\springframework\spring-context\5.1.2.RELEASE\spring-context-5.1.2.RELEASE.jar;C:\Users\617774\.m2\repository\org\springframework\spring-aop\5.1.2.RELEASE\spring-aop-5.1.2.RELEASE.jar;C:\Users\617774\.m2\repository\org\springframework\spring-expression\5.1.2.RELEASE\spring-expression-5.1.2.RELEASE.jar;C:\Users\617774\.m2\repository\org\springframework\spring-core\5.1.2.RELEASE\spring-core-5.1.2.RELEASE.jar;C:\Users\617774\.m2\repository\org\springframework\spring-jcl\5.1.2.RELEASE\spring-jcl-5.1.2.RELEASE.jar;C:\Users\617774\.m2\repository\org\codehaus\groovy\groovy\2.5.5\groovy-2.5.5.jar;C:\Users\617774\.m2\repository\net\sf\opencsv\opencsv\2.0\opencsv-2.0.jar;C:\Users\617774\.m2\repository\commons-beanutils\commons-beanutils-core\1.8.3\commons-beanutils-core-1.8.3.jar;C:\Users\617774\.m2\repository\joda-time\joda-time\2.7\joda-time-2.7.jar;C:\Users\617774\.m2\repository\com\thoughtworks\xstream\xstream\1.4.9\xstream-1.4.9.jar;C:\Users\617774\.m2\repository\xmlpull\xmlpull\1.1.3.1\xmlpull-1.1.3.1.jar;C:\Users\617774\.m2\repository\xpp3\xpp3_min\1.1.4c\xpp3_min-1.1.4c.jar;C:\Users\617774\.m2\repository\org\apache\commons\commons-lang3\3.8.1\commons-lang3-3.8.1.jar;C:\Users\617774\.m2\repository\commons-collections\commons-collections\3.2.2\commons-collections-3.2.2.jar;C:\Users\617774\.m2\repository\org\freemarker\freemarker\2.3.28\freemarker-2.3.28.jar;C:\Users\617774\.m2\repository\net\sourceforge\jexcelapi\jxl\2.6.12\jxl-2.6.12.jar;C:\Users\617774\.m2\repository\org\hamcrest\hamcrest-core\1.3\hamcrest-core-1.3.jar;C:\Users\617774\.m2\repository\org\hamcrest\hamcrest-library\1.3\hamcrest-library-1.3.jar;C:\Users\617774\.m2\repository\net\sourceforge\htmlunit\htmlunit\2.36.0\htmlunit-2.36.0.jar;C:\Users\617774\.m2\repository\net\sourceforge\htmlunit\htmlunit-core-js\2.36.0\htmlunit-core-js-2.36.0.jar;C:\Users\617774\.m2\repository\net\sourceforge\htmlunit\neko-htmlunit\2.36.0\neko-htmlunit-2.36.0.jar;C:\Users\617774\.m2\repository\xerces\xercesImpl\2.12.0\xercesImpl-2.12.0.jar;C:\Users\617774\.m2\repository\net\sourceforge\htmlunit\htmlunit-cssparser\1.5.0\htmlunit-cssparser-1.5.0.jar;C:\Users\617774\.m2\repository\org\brotli\dec\0.1.2\dec-0.1.2.jar;C:\Users\617774\.m2\repository\org\eclipse\jetty\websocket\websocket-client\9.4.20.v20190813\websocket-client-9.4.20.v20190813.jar;C:\Users\617774\.m2\repository\org\eclipse\jetty\jetty-client\9.4.20.v20190813\jetty-client-9.4.20.v20190813.jar;C:\Users\617774\.m2\repository\org\eclipse\jetty\jetty-http\9.4.20.v20190813\jetty-http-9.4.20.v20190813.jar;C:\Users\617774\.m2\repository\org\eclipse\jetty\jetty-xml\9.4.20.v20190813\jetty-xml-9.4.20.v20190813.jar;C:\Users\617774\.m2\repository\org\eclipse\jetty\jetty-util\9.4.20.v20190813\jetty-util-9.4.20.v20190813.jar;C:\Users\617774\.m2\repository\org\eclipse\jetty\jetty-io\9.4.20.v20190813\jetty-io-9.4.20.v20190813.jar;C:\Users\617774\.m2\repository\org\eclipse\jetty\websocket\websocket-common\9.4.20.v20190813\websocket-common-9.4.20.v20190813.jar;C:\Users\617774\.m2\repository\org\eclipse\jetty\websocket\websocket-api\9.4.20.v20190813\websocket-api-9.4.20.v20190813.jar;C:\Users\617774\.m2\repository\org\apache\httpcomponents\httpclient\4.5.5\httpclient-4.5.5.jar;C:\Users\617774\.m2\repository\org\apache\httpcomponents\httpcore\4.4.9\httpcore-4.4.9.jar;C:\Users\617774\.m2\repository\org\apache\httpcomponents\httpmime\4.5.5\httpmime-4.5.5.jar;C:\Users\617774\.m2\repository\org\fluentlenium\fluentlenium-core\0.10.2\fluentlenium-core-0.10.2.jar;C:\Users\617774\.m2\repository\com\jhlabs\filters\2.0.235\filters-2.0.235.jar;C:\Users\617774\.m2\repository\org\asciidoctor\asciidoctorj\1.5.6\asciidoctorj-1.5.6.jar;C:\Users\617774\.m2\repository\org\jruby\jruby-complete\1.7.26\jruby-complete-1.7.26.jar;C:\Users\617774\.m2\repository\org\imgscalr\imgscalr-lib\4.2\imgscalr-lib-4.2.jar;C:\Users\617774\.m2\repository\javax\el\javax.el-api\2.2.4\javax.el-api-2.2.4.jar;C:\Users\617774\.m2\repository\org\glassfish\web\javax.el\2.2.4\javax.el-2.2.4.jar;C:\Users\617774\.m2\repository\xalan\xalan\2.7.2\xalan-2.7.2.jar;C:\Users\617774\.m2\repository\xalan\serializer\2.7.2\serializer-2.7.2.jar;C:\Users\617774\.m2\repository\org\awaitility\awaitility\4.0.1\awaitility-4.0.1.jar;C:\Users\617774\.m2\repository\org\hamcrest\hamcrest\2.1\hamcrest-2.1.jar;C:\Users\617774\.m2\repository\com\typesafe\config\1.3.1\config-1.3.1.jar;C:\Users\617774\.m2\repository\org\jsoup\jsoup\1.10.3\jsoup-1.10.3.jar;C:\Users\617774\.m2\repository\com\google\jimfs\jimfs\1.1\jimfs-1.1.jar;C:\Users\617774\.m2\repository\com\vladsch\flexmark\flexmark-all\0.34.30\flexmark-all-0.34.30.jar;C:\Users\617774\.m2\repository\com\vladsch\flexmark\flexmark\0.34.30\flexmark-0.34.30.jar;C:\Users\617774\.m2\repository\com\vladsch\flexmark\flexmark-ext-abbreviation\0.34.30\flexmark-ext-abbreviation-0.34.30.jar;C:\Users\617774\.m2\repository\com\vladsch\flexmark\flexmark-ext-admonition\0.34.30\flexmark-ext-admonition-0.34.30.jar;C:\Users\617774\.m2\repository\com\vladsch\flexmark\flexmark-ext-anchorlink\0.34.30\flexmark-ext-anchorlink-0.34.30.jar;C:\Users\617774\.m2\repository\com\vladsch\flexmark\flexmark-ext-aside\0.34.30\flexmark-ext-aside-0.34.30.jar;C:\Users\617774\.m2\repository\com\vladsch\flexmark\flexmark-ext-attributes\0.34.30\flexmark-ext-attributes-0.34.30.jar;C:\Users\617774\.m2\repository\com\vladsch\flexmark\flexmark-ext-autolink\0.34.30\flexmark-ext-autolink-0.34.30.jar;C:\Users\617774\.m2\repository\org\nibor\autolink\autolink\0.6.0\autolink-0.6.0.jar;C:\Users\617774\.m2\repository\com\vladsch\flexmark\flexmark-ext-definition\0.34.30\flexmark-ext-definition-0.34.30.jar;C:\Users\617774\.m2\repository\com\vladsch\flexmark\flexmark-ext-emoji\0.34.30\flexmark-ext-emoji-0.34.30.jar;C:\Users\617774\.m2\repository\com\vladsch\flexmark\flexmark-ext-enumerated-reference\0.34.30\flexmark-ext-enumerated-reference-0.34.30.jar;C:\Users\617774\.m2\repository\com\vladsch\flexmark\flexmark-ext-escaped-character\0.34.30\flexmark-ext-escaped-character-0.34.30.jar;C:\Users\617774\.m2\repository\com\vladsch\flexmark\flexmark-ext-footnotes\0.34.30\flexmark-ext-footnotes-0.34.30.jar;C:\Users\617774\.m2\repository\com\vladsch\flexmark\flexmark-ext-gfm-issues\0.34.30\flexmark-ext-gfm-issues-0.34.30.jar;C:\Users\617774\.m2\repository\com\vladsch\flexmark\flexmark-ext-gfm-strikethrough\0.34.30\flexmark-ext-gfm-strikethrough-0.34.30.jar;C:\Users\617774\.m2\repository\com\vladsch\flexmark\flexmark-ext-gfm-tables\0.34.30\flexmark-ext-gfm-tables-0.34.30.jar;C:\Users\617774\.m2\repository\com\vladsch\flexmark\flexmark-ext-gfm-tasklist\0.34.30\flexmark-ext-gfm-tasklist-0.34.30.jar;C:\Users\617774\.m2\repository\com\vladsch\flexmark\flexmark-ext-gfm-users\0.34.30\flexmark-ext-gfm-users-0.34.30.jar;C:\Users\617774\.m2\repository\com\vladsch\flexmark\flexmark-ext-gitlab\0.34.30\flexmark-ext-gitlab-0.34.30.jar;C:\Users\617774\.m2\repository\com\vladsch\flexmark\flexmark-ext-jekyll-front-matter\0.34.30\flexmark-ext-jekyll-front-matter-0.34.30.jar;C:\Users\617774\.m2\repository\com\vladsch\flexmark\flexmark-ext-jekyll-tag\0.34.30\flexmark-ext-jekyll-tag-0.34.30.jar;C:\Users\617774\.m2\repository\com\vladsch\flexmark\flexmark-ext-media-tags\0.34.30\flexmark-ext-media-tags-0.34.30.jar;C:\Users\617774\.m2\repository\com\vladsch\flexmark\flexmark-test-util\0.34.30\flexmark-test-util-0.34.30.jar;C:\Users\617774\.m2\repository\com\vladsch\flexmark\flexmark-ext-ins\0.34.30\flexmark-ext-ins-0.34.30.jar;C:\Users\617774\.m2\repository\com\vladsch\flexmark\flexmark-ext-xwiki-macros\0.34.30\flexmark-ext-xwiki-macros-0.34.30.jar;C:\Users\617774\.m2\repository\com\vladsch\flexmark\flexmark-ext-superscript\0.34.30\flexmark-ext-superscript-0.34.30.jar;C:\Users\617774\.m2\repository\com\vladsch\flexmark\flexmark-ext-tables\0.34.30\flexmark-ext-tables-0.34.30.jar;C:\Users\617774\.m2\repository\com\vladsch\flexmark\flexmark-ext-toc\0.34.30\flexmark-ext-toc-0.34.30.jar;C:\Users\617774\.m2\repository\com\vladsch\flexmark\flexmark-ext-typographic\0.34.30\flexmark-ext-typographic-0.34.30.jar;C:\Users\617774\.m2\repository\com\vladsch\flexmark\flexmark-ext-wikilink\0.34.30\flexmark-ext-wikilink-0.34.30.jar;C:\Users\617774\.m2\repository\com\vladsch\flexmark\flexmark-ext-yaml-front-matter\0.34.30\flexmark-ext-yaml-front-matter-0.34.30.jar;C:\Users\617774\.m2\repository\com\vladsch\flexmark\flexmark-ext-youtube-embedded\0.34.30\flexmark-ext-youtube-embedded-0.34.30.jar;C:\Users\617774\.m2\repository\com\vladsch\flexmark\flexmark-formatter\0.34.30\flexmark-formatter-0.34.30.jar;C:\Users\617774\.m2\repository\com\vladsch\flexmark\flexmark-html-parser\0.34.30\flexmark-html-parser-0.34.30.jar;C:\Users\617774\.m2\repository\com\vladsch\flexmark\flexmark-jira-converter\0.34.30\flexmark-jira-converter-0.34.30.jar;C:\Users\617774\.m2\repository\com\vladsch\flexmark\flexmark-pdf-converter\0.34.30\flexmark-pdf-converter-0.34.30.jar;C:\Users\617774\.m2\repository\com\openhtmltopdf\openhtmltopdf-core\0.0.1-RC13\openhtmltopdf-core-0.0.1-RC13.jar;C:\Users\617774\.m2\repository\com\openhtmltopdf\openhtmltopdf-pdfbox\0.0.1-RC13\openhtmltopdf-pdfbox-0.0.1-RC13.jar;C:\Users\617774\.m2\repository\org\apache\pdfbox\pdfbox\2.0.8\pdfbox-2.0.8.jar;C:\Users\617774\.m2\repository\org\apache\pdfbox\fontbox\2.0.8\fontbox-2.0.8.jar;C:\Users\617774\.m2\repository\org\apache\pdfbox\xmpbox\2.0.8\xmpbox-2.0.8.jar;C:\Users\617774\.m2\repository\de\rototor\pdfbox\graphics2d\0.12\graphics2d-0.12.jar;C:\Users\617774\.m2\repository\com\openhtmltopdf\openhtmltopdf-rtl-support\0.0.1-RC13\openhtmltopdf-rtl-support-0.0.1-RC13.jar;C:\Users\617774\.m2\repository\com\ibm\icu\icu4j\59.1\icu4j-59.1.jar;C:\Users\617774\.m2\repository\com\openhtmltopdf\openhtmltopdf-jsoup-dom-converter\0.0.1-RC13\openhtmltopdf-jsoup-dom-converter-0.0.1-RC13.jar;C:\Users\617774\.m2\repository\com\vladsch\flexmark\flexmark-profile-pegdown\0.34.30\flexmark-profile-pegdown-0.34.30.jar;C:\Users\617774\.m2\repository\com\vladsch\flexmark\flexmark-util\0.34.30\flexmark-util-0.34.30.jar;C:\Users\617774\.m2\repository\com\vladsch\flexmark\flexmark-youtrack-converter\0.34.30\flexmark-youtrack-converter-0.34.30.jar;C:\Users\617774\.m2\repository\net\serenity-bdd\serenity-junit\2.0.91\serenity-junit-2.0.91.jar;C:\Users\617774\.m2\repository\net\serenity-bdd\serenity-screenplay\2.0.91\serenity-screenplay-2.0.91.jar;C:\Users\617774\.m2\repository\net\serenity-bdd\serenity-screenplay-webdriver\2.0.91\serenity-screenplay-webdriver-2.0.91.jar;C:\Users\617774\.m2\repository\net\serenity-bdd\serenity-cucumber\1.9.50\serenity-cucumber-1.9.50.jar;C:\Users\617774\.m2\repository\io\cucumber\cucumber-java\2.4.0\cucumber-java-2.4.0.jar;C:\Users\617774\.m2\repository\io\cucumber\cucumber-junit\2.4.0\cucumber-junit-2.4.0.jar;C:\Users\617774\.m2\repository\org\apache\commons\commons-csv\1.5\commons-csv-1.5.jar;C:\Users\617774\.m2\repository\junit\junit\4.12\junit-4.12.jar;C:\Users\617774\.m2\repository\org\assertj\assertj-core\3.6.2\assertj-core-3.6.2.jar;C:\Users\617774\.m2\repository\org\hamcrest\hamcrest-all\1.3\hamcrest-all-1.3.jar;"/>
    <property name="java.vm.vendor" value="Oracle Corporation"/>
    <property name="sun.arch.data.model" value="64"/>
    <property name="user.variant" value=""/>
    <property name="java.vendor.url" value="http://java.oracle.com/"/>
    <property name="user.timezone" value="Australia/Sydney"/>
    <property name="java.vm.specification.version" value="11"/>
    <property name="os.name" value="Windows 10"/>
    <property name="sun.java.launcher" value="SUN_STANDARD"/>
    <property name="user.country" value="US"/>
    <property name="sun.boot.library.path" value="C:\Program Files\Java\jdk-11.0.2\bin"/>
    <property name="sun.java.command" value="C:\Users\617774\AppData\Local\Temp\surefire12143574168678553323\surefirebooter67528604498946858.jar C:\Users\617774\AppData\Local\Temp\surefire12143574168678553323 2020-03-15T21-38-54_408-jvmRun1 surefire9256884083659140414tmp surefire_013613860074133928444tmp"/>
    <property name="jdk.debug" value="release"/>
    <property name="surefire.test.class.path" value="C:\Users\617774\Desktop\compare_the_market_serenity_cucumber\target\test-classes;C:\Users\617774\Desktop\compare_the_market_serenity_cucumber\target\serenity-cucumber-starter-1.0.0-SNAPSHOT.jar;C:\Users\617774\.m2\repository\ch\qos\logback\logback-classic\1.0.13\logback-classic-1.0.13.jar;C:\Users\617774\.m2\repository\ch\qos\logback\logback-core\1.0.13\logback-core-1.0.13.jar;C:\Users\617774\.m2\repository\org\slf4j\slf4j-api\1.7.5\slf4j-api-1.7.5.jar;C:\Users\617774\.m2\repository\net\serenity-bdd\serenity-core\2.0.91\serenity-core-2.0.91.jar;C:\Users\617774\.m2\repository\net\bytebuddy\byte-buddy\1.10.1\byte-buddy-1.10.1.jar;C:\Users\617774\.m2\repository\net\bytebuddy\byte-buddy-agent\1.10.1\byte-buddy-agent-1.10.1.jar;C:\Users\617774\.m2\repository\com\google\guava\guava\25.0-jre\guava-25.0-jre.jar;C:\Users\617774\.m2\repository\com\google\code\findbugs\jsr305\1.3.9\jsr305-1.3.9.jar;C:\Users\617774\.m2\repository\org\checkerframework\checker-compat-qual\2.0.0\checker-compat-qual-2.0.0.jar;C:\Users\617774\.m2\repository\com\google\errorprone\error_prone_annotations\2.1.3\error_prone_annotations-2.1.3.jar;C:\Users\617774\.m2\repository\com\google\j2objc\j2objc-annotations\1.1\j2objc-annotations-1.1.jar;C:\Users\617774\.m2\repository\org\codehaus\mojo\animal-sniffer-annotations\1.14\animal-sniffer-annotations-1.14.jar;C:\Users\617774\.m2\repository\com\google\inject\guice\4.2.2\guice-4.2.2.jar;C:\Users\617774\.m2\repository\javax\inject\javax.inject\1\javax.inject-1.jar;C:\Users\617774\.m2\repository\aopalliance\aopalliance\1.0\aopalliance-1.0.jar;C:\Users\617774\.m2\repository\org\ow2\asm\asm\7.2\asm-7.2.jar;C:\Users\617774\.m2\repository\commons-codec\commons-codec\1.10\commons-codec-1.10.jar;C:\Users\617774\.m2\repository\org\objenesis\objenesis\3.0.1\objenesis-3.0.1.jar;C:\Users\617774\.m2\repository\xml-apis\xml-apis\1.4.01\xml-apis-1.4.01.jar;C:\Users\617774\.m2\repository\io\cucumber\cucumber-core\2.4.0\cucumber-core-2.4.0.jar;C:\Users\617774\.m2\repository\info\cukes\cucumber-html\0.2.6\cucumber-html-0.2.6.jar;C:\Users\617774\.m2\repository\io\cucumber\cucumber-jvm-deps\1.0.6\cucumber-jvm-deps-1.0.6.jar;C:\Users\617774\.m2\repository\io\cucumber\gherkin\5.0.0\gherkin-5.0.0.jar;C:\Users\617774\.m2\repository\io\cucumber\tag-expressions\1.1.1\tag-expressions-1.1.1.jar;C:\Users\617774\.m2\repository\commons-logging\commons-logging\1.2\commons-logging-1.2.jar;C:\Users\617774\.m2\repository\io\vavr\vavr\0.9.0\vavr-0.9.0.jar;C:\Users\617774\.m2\repository\io\vavr\vavr-match\0.9.0\vavr-match-0.9.0.jar;C:\Users\617774\.m2\repository\javax\xml\bind\jaxb-api\2.2.12\jaxb-api-2.2.12.jar;C:\Users\617774\.m2\repository\com\sun\xml\bind\jaxb-core\2.3.0.1\jaxb-core-2.3.0.1.jar;C:\Users\617774\.m2\repository\com\sun\xml\bind\jaxb-impl\2.3.0.1\jaxb-impl-2.3.0.1.jar;C:\Users\617774\.m2\repository\javax\activation\activation\1.1.1\activation-1.1.1.jar;C:\Users\617774\.m2\repository\org\mockito\mockito-core\3.1.0\mockito-core-3.1.0.jar;C:\Users\617774\.m2\repository\net\serenity-bdd\serenity-report-resources\2.0.91\serenity-report-resources-2.0.91.jar;C:\Users\617774\.m2\repository\net\serenity-bdd\serenity-model\2.0.91\serenity-model-2.0.91.jar;C:\Users\617774\.m2\repository\commons-net\commons-net\3.6\commons-net-3.6.jar;C:\Users\617774\.m2\repository\org\apache\commons\commons-text\1.6\commons-text-1.6.jar;C:\Users\617774\.m2\repository\es\nitaur\markdown\txtmark\0.16\txtmark-0.16.jar;C:\Users\617774\.m2\repository\net\serenity-bdd\serenity-reports\2.0.91\serenity-reports-2.0.91.jar;C:\Users\617774\.m2\repository\net\serenity-bdd\serenity-stats\2.0.91\serenity-stats-2.0.91.jar;C:\Users\617774\.m2\repository\org\jetbrains\kotlin\kotlin-stdlib\1.3.31\kotlin-stdlib-1.3.31.jar;C:\Users\617774\.m2\repository\org\jetbrains\kotlin\kotlin-stdlib-common\1.3.31\kotlin-stdlib-common-1.3.31.jar;C:\Users\617774\.m2\repository\org\jetbrains\annotations\13.0\annotations-13.0.jar;C:\Users\617774\.m2\repository\com\google\code\gson\gson\2.8.4\gson-2.8.4.jar;C:\Users\617774\.m2\repository\commons-io\commons-io\2.6\commons-io-2.6.jar;C:\Users\617774\.m2\repository\org\seleniumhq\selenium\selenium-server\3.141.59\selenium-server-3.141.59.jar;C:\Users\617774\.m2\repository\org\seleniumhq\selenium\selenium-firefox-driver\3.141.59\selenium-firefox-driver-3.141.59.jar;C:\Users\617774\.m2\repository\org\seleniumhq\selenium\selenium-ie-driver\3.141.59\selenium-ie-driver-3.141.59.jar;C:\Users\617774\.m2\repository\com\beust\jcommander\1.72\jcommander-1.72.jar;C:\Users\617774\.m2\repository\org\apache\commons\commons-exec\1.3\commons-exec-1.3.jar;C:\Users\617774\.m2\repository\net\jcip\jcip-annotations\1.0\jcip-annotations-1.0.jar;C:\Users\617774\.m2\repository\org\seleniumhq\selenium\jetty-repacked\9.4.12.v20180830\jetty-repacked-9.4.12.v20180830.jar;C:\Users\617774\.m2\repository\com\squareup\okhttp3\okhttp\3.11.0\okhttp-3.11.0.jar;C:\Users\617774\.m2\repository\com\squareup\okio\okio\1.14.0\okio-1.14.0.jar;C:\Users\617774\.m2\repository\javax\servlet\javax.servlet-api\3.1.0\javax.servlet-api-3.1.0.jar;C:\Users\617774\.m2\repository\org\yaml\snakeyaml\1.19\snakeyaml-1.19.jar;C:\Users\617774\.m2\repository\org\seleniumhq\selenium\selenium-java\3.141.59\selenium-java-3.141.59.jar;C:\Users\617774\.m2\repository\org\seleniumhq\selenium\selenium-api\3.141.59\selenium-api-3.141.59.jar;C:\Users\617774\.m2\repository\org\seleniumhq\selenium\selenium-chrome-driver\3.141.59\selenium-chrome-driver-3.141.59.jar;C:\Users\617774\.m2\repository\org\seleniumhq\selenium\selenium-edge-driver\3.141.59\selenium-edge-driver-3.141.59.jar;C:\Users\617774\.m2\repository\org\seleniumhq\selenium\selenium-remote-driver\3.141.59\selenium-remote-driver-3.141.59.jar;C:\Users\617774\.m2\repository\org\seleniumhq\selenium\selenium-safari-driver\3.141.59\selenium-safari-driver-3.141.59.jar;C:\Users\617774\.m2\repository\org\seleniumhq\selenium\selenium-opera-driver\3.141.59\selenium-opera-driver-3.141.59.jar;C:\Users\617774\.m2\repository\org\seleniumhq\selenium\selenium-support\3.141.59\selenium-support-3.141.59.jar;C:\Users\617774\.m2\repository\com\paulhammant\ngwebdriver\1.1.4\ngwebdriver-1.1.4.jar;C:\Users\617774\.m2\repository\com\codeborne\phantomjsdriver\1.4.4\phantomjsdriver-1.4.4.jar;C:\Users\617774\.m2\repository\org\seleniumhq\selenium\htmlunit-driver\2.36.0\htmlunit-driver-2.36.0.jar;C:\Users\617774\.m2\repository\io\appium\java-client\7.3.0\java-client-7.3.0.jar;C:\Users\617774\.m2\repository\commons-validator\commons-validator\1.6\commons-validator-1.6.jar;C:\Users\617774\.m2\repository\commons-beanutils\commons-beanutils\1.9.2\commons-beanutils-1.9.2.jar;C:\Users\617774\.m2\repository\commons-digester\commons-digester\1.8.1\commons-digester-1.8.1.jar;C:\Users\617774\.m2\repository\org\aspectj\aspectjweaver\1.9.4\aspectjweaver-1.9.4.jar;C:\Users\617774\.m2\repository\org\springframework\spring-context-support\5.1.2.RELEASE\spring-context-support-5.1.2.RELEASE.jar;C:\Users\617774\.m2\repository\org\springframework\spring-beans\5.1.2.RELEASE\spring-beans-5.1.2.RELEASE.jar;C:\Users\617774\.m2\repository\org\springframework\spring-context\5.1.2.RELEASE\spring-context-5.1.2.RELEASE.jar;C:\Users\617774\.m2\repository\org\springframework\spring-aop\5.1.2.RELEASE\spring-aop-5.1.2.RELEASE.jar;C:\Users\617774\.m2\repository\org\springframework\spring-expression\5.1.2.RELEASE\spring-expression-5.1.2.RELEASE.jar;C:\Users\617774\.m2\repository\org\springframework\spring-core\5.1.2.RELEASE\spring-core-5.1.2.RELEASE.jar;C:\Users\617774\.m2\repository\org\springframework\spring-jcl\5.1.2.RELEASE\spring-jcl-5.1.2.RELEASE.jar;C:\Users\617774\.m2\repository\org\codehaus\groovy\groovy\2.5.5\groovy-2.5.5.jar;C:\Users\617774\.m2\repository\net\sf\opencsv\opencsv\2.0\opencsv-2.0.jar;C:\Users\617774\.m2\repository\commons-beanutils\commons-beanutils-core\1.8.3\commons-beanutils-core-1.8.3.jar;C:\Users\617774\.m2\repository\joda-time\joda-time\2.7\joda-time-2.7.jar;C:\Users\617774\.m2\repository\com\thoughtworks\xstream\xstream\1.4.9\xstream-1.4.9.jar;C:\Users\617774\.m2\repository\xmlpull\xmlpull\1.1.3.1\xmlpull-1.1.3.1.jar;C:\Users\617774\.m2\repository\xpp3\xpp3_min\1.1.4c\xpp3_min-1.1.4c.jar;C:\Users\617774\.m2\repository\org\apache\commons\commons-lang3\3.8.1\commons-lang3-3.8.1.jar;C:\Users\617774\.m2\repository\commons-collections\commons-collections\3.2.2\commons-collections-3.2.2.jar;C:\Users\617774\.m2\repository\org\freemarker\freemarker\2.3.28\freemarker-2.3.28.jar;C:\Users\617774\.m2\repository\net\sourceforge\jexcelapi\jxl\2.6.12\jxl-2.6.12.jar;C:\Users\617774\.m2\repository\org\hamcrest\hamcrest-core\1.3\hamcrest-core-1.3.jar;C:\Users\617774\.m2\repository\org\hamcrest\hamcrest-library\1.3\hamcrest-library-1.3.jar;C:\Users\617774\.m2\repository\net\sourceforge\htmlunit\htmlunit\2.36.0\htmlunit-2.36.0.jar;C:\Users\617774\.m2\repository\net\sourceforge\htmlunit\htmlunit-core-js\2.36.0\htmlunit-core-js-2.36.0.jar;C:\Users\617774\.m2\repository\net\sourceforge\htmlunit\neko-htmlunit\2.36.0\neko-htmlunit-2.36.0.jar;C:\Users\617774\.m2\repository\xerces\xercesImpl\2.12.0\xercesImpl-2.12.0.jar;C:\Users\617774\.m2\repository\net\sourceforge\htmlunit\htmlunit-cssparser\1.5.0\htmlunit-cssparser-1.5.0.jar;C:\Users\617774\.m2\repository\org\brotli\dec\0.1.2\dec-0.1.2.jar;C:\Users\617774\.m2\repository\org\eclipse\jetty\websocket\websocket-client\9.4.20.v20190813\websocket-client-9.4.20.v20190813.jar;C:\Users\617774\.m2\repository\org\eclipse\jetty\jetty-client\9.4.20.v20190813\jetty-client-9.4.20.v20190813.jar;C:\Users\617774\.m2\repository\org\eclipse\jetty\jetty-http\9.4.20.v20190813\jetty-http-9.4.20.v20190813.jar;C:\Users\617774\.m2\repository\org\eclipse\jetty\jetty-xml\9.4.20.v20190813\jetty-xml-9.4.20.v20190813.jar;C:\Users\617774\.m2\repository\org\eclipse\jetty\jetty-util\9.4.20.v20190813\jetty-util-9.4.20.v20190813.jar;C:\Users\617774\.m2\repository\org\eclipse\jetty\jetty-io\9.4.20.v20190813\jetty-io-9.4.20.v20190813.jar;C:\Users\617774\.m2\repository\org\eclipse\jetty\websocket\websocket-common\9.4.20.v20190813\websocket-common-9.4.20.v20190813.jar;C:\Users\617774\.m2\repository\org\eclipse\jetty\websocket\websocket-api\9.4.20.v20190813\websocket-api-9.4.20.v20190813.jar;C:\Users\617774\.m2\repository\org\apache\httpcomponents\httpclient\4.5.5\httpclient-4.5.5.jar;C:\Users\617774\.m2\repository\org\apache\httpcomponents\httpcore\4.4.9\httpcore-4.4.9.jar;C:\Users\617774\.m2\repository\org\apache\httpcomponents\httpmime\4.5.5\httpmime-4.5.5.jar;C:\Users\617774\.m2\repository\org\fluentlenium\fluentlenium-core\0.10.2\fluentlenium-core-0.10.2.jar;C:\Users\617774\.m2\repository\com\jhlabs\filters\2.0.235\filters-2.0.235.jar;C:\Users\617774\.m2\repository\org\asciidoctor\asciidoctorj\1.5.6\asciidoctorj-1.5.6.jar;C:\Users\617774\.m2\repository\org\jruby\jruby-complete\1.7.26\jruby-complete-1.7.26.jar;C:\Users\617774\.m2\repository\org\imgscalr\imgscalr-lib\4.2\imgscalr-lib-4.2.jar;C:\Users\617774\.m2\repository\javax\el\javax.el-api\2.2.4\javax.el-api-2.2.4.jar;C:\Users\617774\.m2\repository\org\glassfish\web\javax.el\2.2.4\javax.el-2.2.4.jar;C:\Users\617774\.m2\repository\xalan\xalan\2.7.2\xalan-2.7.2.jar;C:\Users\617774\.m2\repository\xalan\serializer\2.7.2\serializer-2.7.2.jar;C:\Users\617774\.m2\repository\org\awaitility\awaitility\4.0.1\awaitility-4.0.1.jar;C:\Users\617774\.m2\repository\org\hamcrest\hamcrest\2.1\hamcrest-2.1.jar;C:\Users\617774\.m2\repository\com\typesafe\config\1.3.1\config-1.3.1.jar;C:\Users\617774\.m2\repository\org\jsoup\jsoup\1.10.3\jsoup-1.10.3.jar;C:\Users\617774\.m2\repository\com\google\jimfs\jimfs\1.1\jimfs-1.1.jar;C:\Users\617774\.m2\repository\com\vladsch\flexmark\flexmark-all\0.34.30\flexmark-all-0.34.30.jar;C:\Users\617774\.m2\repository\com\vladsch\flexmark\flexmark\0.34.30\flexmark-0.34.30.jar;C:\Users\617774\.m2\repository\com\vladsch\flexmark\flexmark-ext-abbreviation\0.34.30\flexmark-ext-abbreviation-0.34.30.jar;C:\Users\617774\.m2\repository\com\vladsch\flexmark\flexmark-ext-admonition\0.34.30\flexmark-ext-admonition-0.34.30.jar;C:\Users\617774\.m2\repository\com\vladsch\flexmark\flexmark-ext-anchorlink\0.34.30\flexmark-ext-anchorlink-0.34.30.jar;C:\Users\617774\.m2\repository\com\vladsch\flexmark\flexmark-ext-aside\0.34.30\flexmark-ext-aside-0.34.30.jar;C:\Users\617774\.m2\repository\com\vladsch\flexmark\flexmark-ext-attributes\0.34.30\flexmark-ext-attributes-0.34.30.jar;C:\Users\617774\.m2\repository\com\vladsch\flexmark\flexmark-ext-autolink\0.34.30\flexmark-ext-autolink-0.34.30.jar;C:\Users\617774\.m2\repository\org\nibor\autolink\autolink\0.6.0\autolink-0.6.0.jar;C:\Users\617774\.m2\repository\com\vladsch\flexmark\flexmark-ext-definition\0.34.30\flexmark-ext-definition-0.34.30.jar;C:\Users\617774\.m2\repository\com\vladsch\flexmark\flexmark-ext-emoji\0.34.30\flexmark-ext-emoji-0.34.30.jar;C:\Users\617774\.m2\repository\com\vladsch\flexmark\flexmark-ext-enumerated-reference\0.34.30\flexmark-ext-enumerated-reference-0.34.30.jar;C:\Users\617774\.m2\repository\com\vladsch\flexmark\flexmark-ext-escaped-character\0.34.30\flexmark-ext-escaped-character-0.34.30.jar;C:\Users\617774\.m2\repository\com\vladsch\flexmark\flexmark-ext-footnotes\0.34.30\flexmark-ext-footnotes-0.34.30.jar;C:\Users\617774\.m2\repository\com\vladsch\flexmark\flexmark-ext-gfm-issues\0.34.30\flexmark-ext-gfm-issues-0.34.30.jar;C:\Users\617774\.m2\repository\com\vladsch\flexmark\flexmark-ext-gfm-strikethrough\0.34.30\flexmark-ext-gfm-strikethrough-0.34.30.jar;C:\Users\617774\.m2\repository\com\vladsch\flexmark\flexmark-ext-gfm-tables\0.34.30\flexmark-ext-gfm-tables-0.34.30.jar;C:\Users\617774\.m2\repository\com\vladsch\flexmark\flexmark-ext-gfm-tasklist\0.34.30\flexmark-ext-gfm-tasklist-0.34.30.jar;C:\Users\617774\.m2\repository\com\vladsch\flexmark\flexmark-ext-gfm-users\0.34.30\flexmark-ext-gfm-users-0.34.30.jar;C:\Users\617774\.m2\repository\com\vladsch\flexmark\flexmark-ext-gitlab\0.34.30\flexmark-ext-gitlab-0.34.30.jar;C:\Users\617774\.m2\repository\com\vladsch\flexmark\flexmark-ext-jekyll-front-matter\0.34.30\flexmark-ext-jekyll-front-matter-0.34.30.jar;C:\Users\617774\.m2\repository\com\vladsch\flexmark\flexmark-ext-jekyll-tag\0.34.30\flexmark-ext-jekyll-tag-0.34.30.jar;C:\Users\617774\.m2\repository\com\vladsch\flexmark\flexmark-ext-media-tags\0.34.30\flexmark-ext-media-tags-0.34.30.jar;C:\Users\617774\.m2\repository\com\vladsch\flexmark\flexmark-test-util\0.34.30\flexmark-test-util-0.34.30.jar;C:\Users\617774\.m2\repository\com\vladsch\flexmark\flexmark-ext-ins\0.34.30\flexmark-ext-ins-0.34.30.jar;C:\Users\617774\.m2\repository\com\vladsch\flexmark\flexmark-ext-xwiki-macros\0.34.30\flexmark-ext-xwiki-macros-0.34.30.jar;C:\Users\617774\.m2\repository\com\vladsch\flexmark\flexmark-ext-superscript\0.34.30\flexmark-ext-superscript-0.34.30.jar;C:\Users\617774\.m2\repository\com\vladsch\flexmark\flexmark-ext-tables\0.34.30\flexmark-ext-tables-0.34.30.jar;C:\Users\617774\.m2\repository\com\vladsch\flexmark\flexmark-ext-toc\0.34.30\flexmark-ext-toc-0.34.30.jar;C:\Users\617774\.m2\repository\com\vladsch\flexmark\flexmark-ext-typographic\0.34.30\flexmark-ext-typographic-0.34.30.jar;C:\Users\617774\.m2\repository\com\vladsch\flexmark\flexmark-ext-wikilink\0.34.30\flexmark-ext-wikilink-0.34.30.jar;C:\Users\617774\.m2\repository\com\vladsch\flexmark\flexmark-ext-yaml-front-matter\0.34.30\flexmark-ext-yaml-front-matter-0.34.30.jar;C:\Users\617774\.m2\repository\com\vladsch\flexmark\flexmark-ext-youtube-embedded\0.34.30\flexmark-ext-youtube-embedded-0.34.30.jar;C:\Users\617774\.m2\repository\com\vladsch\flexmark\flexmark-formatter\0.34.30\flexmark-formatter-0.34.30.jar;C:\Users\617774\.m2\repository\com\vladsch\flexmark\flexmark-html-parser\0.34.30\flexmark-html-parser-0.34.30.jar;C:\Users\617774\.m2\repository\com\vladsch\flexmark\flexmark-jira-converter\0.34.30\flexmark-jira-converter-0.34.30.jar;C:\Users\617774\.m2\repository\com\vladsch\flexmark\flexmark-pdf-converter\0.34.30\flexmark-pdf-converter-0.34.30.jar;C:\Users\617774\.m2\repository\com\openhtmltopdf\openhtmltopdf-core\0.0.1-RC13\openhtmltopdf-core-0.0.1-RC13.jar;C:\Users\617774\.m2\repository\com\openhtmltopdf\openhtmltopdf-pdfbox\0.0.1-RC13\openhtmltopdf-pdfbox-0.0.1-RC13.jar;C:\Users\617774\.m2\repository\org\apache\pdfbox\pdfbox\2.0.8\pdfbox-2.0.8.jar;C:\Users\617774\.m2\repository\org\apache\pdfbox\fontbox\2.0.8\fontbox-2.0.8.jar;C:\Users\617774\.m2\repository\org\apache\pdfbox\xmpbox\2.0.8\xmpbox-2.0.8.jar;C:\Users\617774\.m2\repository\de\rototor\pdfbox\graphics2d\0.12\graphics2d-0.12.jar;C:\Users\617774\.m2\repository\com\openhtmltopdf\openhtmltopdf-rtl-support\0.0.1-RC13\openhtmltopdf-rtl-support-0.0.1-RC13.jar;C:\Users\617774\.m2\repository\com\ibm\icu\icu4j\59.1\icu4j-59.1.jar;C:\Users\617774\.m2\repository\com\openhtmltopdf\openhtmltopdf-jsoup-dom-converter\0.0.1-RC13\openhtmltopdf-jsoup-dom-converter-0.0.1-RC13.jar;C:\Users\617774\.m2\repository\com\vladsch\flexmark\flexmark-profile-pegdown\0.34.30\flexmark-profile-pegdown-0.34.30.jar;C:\Users\617774\.m2\repository\com\vladsch\flexmark\flexmark-util\0.34.30\flexmark-util-0.34.30.jar;C:\Users\617774\.m2\repository\com\vladsch\flexmark\flexmark-youtrack-converter\0.34.30\flexmark-youtrack-converter-0.34.30.jar;C:\Users\617774\.m2\repository\net\serenity-bdd\serenity-junit\2.0.91\serenity-junit-2.0.91.jar;C:\Users\617774\.m2\repository\net\serenity-bdd\serenity-screenplay\2.0.91\serenity-screenplay-2.0.91.jar;C:\Users\617774\.m2\repository\net\serenity-bdd\serenity-screenplay-webdriver\2.0.91\serenity-screenplay-webdriver-2.0.91.jar;C:\Users\617774\.m2\repository\net\serenity-bdd\serenity-cucumber\1.9.50\serenity-cucumber-1.9.50.jar;C:\Users\617774\.m2\repository\io\cucumber\cucumber-java\2.4.0\cucumber-java-2.4.0.jar;C:\Users\617774\.m2\repository\io\cucumber\cucumber-junit\2.4.0\cucumber-junit-2.4.0.jar;C:\Users\617774\.m2\repository\org\apache\commons\commons-csv\1.5\commons-csv-1.5.jar;C:\Users\617774\.m2\repository\junit\junit\4.12\junit-4.12.jar;C:\Users\617774\.m2\repository\org\assertj\assertj-core\3.6.2\assertj-core-3.6.2.jar;C:\Users\617774\.m2\repository\org\hamcrest\hamcrest-all\1.3\hamcrest-all-1.3.jar;"/>
    <property name="sun.cpu.endian" value="little"/>
    <property name="user.home" value="C:\Users\617774"/>
    <property name="user.language" value="en"/>
    <property name="java.specification.vendor" value="Oracle Corporation"/>
    <property name="java.version.date" value="2019-01-15"/>
    <property name="java.home" value="C:\Program Files\Java\jdk-11.0.2"/>
    <property name="file.separator" value="\"/>
    <property name="basedir" value="C:\Users\617774\Desktop\compare_the_market_serenity_cucumber"/>
    <property name="java.vm.compressedOopsMode" value="32-bit"/>
    <property name="line.separator" value="&#10;"/>
    <property name="java.specification.name" value="Java Platform API Specification"/>
    <property name="java.vm.specification.vendor" value="Oracle Corporation"/>
    <property name="java.awt.graphicsenv" value="sun.awt.Win32GraphicsEnvironment"/>
    <property name="surefire.real.class.path" value="C:\Users\617774\AppData\Local\Temp\surefire12143574168678553323\surefirebooter67528604498946858.jar"/>
    <property name="user.script" value=""/>
    <property name="java.protocol.handler.pkgs" value="com.google.common"/>
    <property name="sun.management.compiler" value="HotSpot 64-Bit Tiered Compilers"/>
    <property name="java.runtime.version" value="11.0.2+9-LTS"/>
    <property name="user.name" value="617774"/>
    <property name="path.separator" value=";"/>
    <property name="os.version" value="10.0"/>
    <property name="java.runtime.name" value="Java(TM) SE Runtime Environment"/>
    <property name="file.encoding" value="Cp1252"/>
    <property name="webdriver.base.url" value=""/>
    <property name="java.vm.name" value="Java HotSpot(TM) 64-Bit Server VM"/>
    <property name="java.vendor.version" value="18.9"/>
    <property name="localRepository" value="C:\Users\617774\.m2\repository"/>
    <property name="java.vendor.url.bug" value="http://bugreport.java.com/bugreport/"/>
    <property name="java.io.tmpdir" value="C:\Users\617774\AppData\Local\Temp\"/>
    <property name="java.version" value="11.0.2"/>
    <property name="user.dir" value="C:\Users\617774\Desktop\compare_the_market_serenity_cucumber"/>
    <property name="os.arch" value="amd64"/>
    <property name="webdriver.gecko.driver" value="C:\Users\617774\Desktop\compare_the_market_serenity_cucumber\src\test\resources\webdriver\windows\geckodriver.exe"/>
    <property name="java.vm.specification.name" value="Java Virtual Machine Specification"/>
    <property name="java.awt.printerjob" value="sun.awt.windows.WPrinterJob"/>
    <property name="sun.os.patch.level" value=""/>
    <property name="java.library.path" value="C:\Program Files\Java\jdk-11.0.2\bin;C:\WINDOWS\Sun\Java\bin;C:\WINDOWS\system32;C:\WINDOWS;C:\Program Files (x86)\Common Files\Oracle\Java\javapath;C:\WINDOWS\system32;C:\WINDOWS;C:\WINDOWS\System32\Wbem;C:\WINDOWS\System32\WindowsPowerShell\v1.0\;C:\WINDOWS\System32\OpenSSH\;C:\Program Files\nodejs\;C:\Program Files (x86)\Gpg4win\..\GnuPG\bin;C:\Program Files\Java\jdk-11.0.2\bin;C:\Program Files\Maven\apache-maven-3.6.0\bin;&quot;C:\Program Files (x86)\Attachmate\INFOCNEE\;C:\Program Files (x86)\Attachmate\INFOCNEE\AccMgr32;C:\Program Files\Maven\apache-maven-3.6.0\bin;C:\Program Files\k6\;C:\Program Fi&quot;;C:\ProgramData\chocolatey\bin;C:\ProgramFiles(x86)\Java\jre1.8.0_201;C:\Program Files\Maven\apache-maven-3.6.0\bin;C:\Users\617774\node_modules\geckodriver\bin;C:\Program Files\Git\cmd;C:\Users\617774\AppData\Local\Microsoft\WindowsApps;C:\Users\617774\AppData\Local\Programs\Microsoft VS Code\bin;C:\Users\617774\AppData\Roaming\npm;C:\Users\617774\AppData\Local\Programs\Fiddler;C:\Users\617774\AppData\Local\Microsoft\WindowsApps;C:\Users\617774\AppData\Local\Chrome Webdriver\chromedriver.exe;C:\Program Files\Maven\apache-maven-3.6.0\bin;C:\Program Files\Git\bin;C:\Users\617774\node_modules\geckodriver\bin;C:\ProgramData\chocolatey\bin;C:\Users\617774\AppData\Local\Keybase\;."/>
    <property name="java.vendor" value="Oracle Corporation"/>
    <property name="java.vm.info" value="mixed mode"/>
    <property name="java.vm.version" value="11.0.2+9-LTS"/>
    <property name="sun.io.unicode.encoding" value="UnicodeLittle"/>
    <property name="java.class.version" value="55.0"/>
  </properties>
  <testcase name="Searching for a term" classname="Search by keyword" time="11.135">
    <failure message="&#10;Expecting all elements of:&#10;  &lt;[&quot;BDD Testing &amp; Collaboration Tools for Teams | CucumberYour browser indicates if you&apos;ve visited this link&quot;,&#10;    &quot;habr.com/post/332754 / ХабрYour browser indicates if you&apos;ve visited this link&quot;,&#10;    &quot;Cucumber - WikipediaYour browser indicates if you&apos;ve visited this link&quot;,&#10;    &quot;Cucumber Library - Mods - Minecraft - CurseForgeYour browser indicates if you&apos;ve visited this link&quot;,&#10;    &quot;WooordHunt.ru/word/cucumberYour browser indicates if you&apos;ve visited this link&quot;,&#10;    &quot;translate.ru/dictionary/en-ru/CucumberYour browser indicates if you&apos;ve visited this link&quot;,&#10;    &quot;Cucumber Open. Cucumber has 86 repositories available.Your browser indicates if you&apos;ve visited this link&quot;,&#10;    &quot;dokwork.ru/2015/08/cucumber.htmlYour browser indicates if you&apos;ve visited this link&quot;,&#10;    &quot;riptutorial.com/ru/cucumberYour browser indicates if you&apos;ve visited this link&quot;,&#10;    &quot;Cucumber - Overview - TutorialspointYour browser indicates if you&apos;ve visited this link&quot;]&gt;&#10;to match given predicate but this element did not:&#10;  &lt;&quot;habr.com/post/332754 / ХабрYour browser indicates if you&apos;ve visited this link&quot;&gt;" type="java.lang.AssertionError"><![CDATA[java.lang.AssertionError: 

Expecting all elements of:
  <["BDD Testing & Collaboration Tools for Teams | CucumberYour browser indicates if you've visited this link",
    "habr.com/post/332754 / ХабрYour browser indicates if you've visited this link",
    "Cucumber - WikipediaYour browser indicates if you've visited this link",
    "Cucumber Library - Mods - Minecraft - CurseForgeYour browser indicates if you've visited this link",
    "WooordHunt.ru/word/cucumberYour browser indicates if you've visited this link",
    "translate.ru/dictionary/en-ru/CucumberYour browser indicates if you've visited this link",
    "Cucumber Open. Cucumber has 86 repositories available.Your browser indicates if you've visited this link",
    "dokwork.ru/2015/08/cucumber.htmlYour browser indicates if you've visited this link",
    "riptutorial.com/ru/cucumberYour browser indicates if you've visited this link",
    "Cucumber - Overview - TutorialspointYour browser indicates if you've visited this link"]>
to match given predicate but this element did not:
  <"habr.com/post/332754 / ХабрYour browser indicates if you've visited this link">
]]></failure>
    <system-out><![CDATA[21:39:34.161 [pool-1-thread-1] INFO  n.s.c.w.d.ProvideNewDriver - Instantiating driver
21:39:34.161 [pool-1-thread-1] INFO  n.s.c.w.d.ProvideNewDriver - Driver capabilities: Capabilities {acceptInsecureCerts: false, browserName: chrome, chrome.switches: --start-maximized;--test-ty..., goog:chromeOptions: {args: [--start-maximized, --test-type, --no-sandbox, --ignore-certificate-errors..., --disable-popup-blocking, --disable-default-apps, --disable-extensions-file-a..., --incognito, --disable-infobars, --disable-gpu, --headless], extensions: []}, loggingPrefs: org.openqa.selenium.logging..., platform: ANY, version: }
    &amp#27;[32mGiven &amp#27;[0m&amp#27;[32mSergey is on the DuckDuckGo home page&amp#27;[0m                   &amp#27;[90m# SearchOnDuckDuckGoStepDefinitions.i_am_on_the_DuckDuckGo_home_page()&amp#27;[0m
    &amp#27;[32mWhen &amp#27;[0m&amp#27;[32mhe searches for "&amp#27;[0m&amp#27;[32m&amp#27;[1mcucumber&amp#27;[0m&amp#27;[32m"&amp#27;[0m                               &amp#27;[90m# SearchOnDuckDuckGoStepDefinitions.i_search_for(String)&amp#27;[0m
    &amp#27;[31mThen &amp#27;[0m&amp#27;[31mall the result titles should contain the word "&amp#27;[0m&amp#27;[31m&amp#27;[1mcucumber&amp#27;[0m&amp#27;[31m"&amp#27;[0m &amp#27;[90m# SearchOnDuckDuckGoStepDefinitions.all_the_result_titles_should_contain_the_word(String)&amp#27;[0m
      &amp#27;[31mjava.lang.AssertionError: 
Expecting all elements of:
  <["BDD Testing & Collaboration Tools for Teams | CucumberYour browser indicates if you've visited this link",
    "habr.com/post/332754 / ????Your browser indicates if you've visited this link",
    "Cucumber - WikipediaYour browser indicates if you've visited this link",
    "Cucumber Library - Mods - Minecraft - CurseForgeYour browser indicates if you've visited this link",
    "WooordHunt.ru/word/cucumberYour browser indicates if you've visited this link",
    "translate.ru/dictionary/en-ru/CucumberYour browser indicates if you've visited this link",
    "Cucumber Open. Cucumber has 86 repositories available.Your browser indicates if you've visited this link",
    "dokwork.ru/2015/08/cucumber.htmlYour browser indicates if you've visited this link",
    "riptutorial.com/ru/cucumberYour browser indicates if you've visited this link",
    "Cucumber - Overview - TutorialspointYour browser indicates if you've visited this link"]>
to match given predicate but this element did not:
  <"habr.com/post/332754 / ????Your browser indicates if you've visited this link">
	at java.base/java.util.Optional.ifPresent(Optional.java:183)
	at starter.stepdefinitions.SearchOnDuckDuckGoStepDefinitions.all_the_result_titles_should_contain_the_word(SearchOnDuckDuckGoStepDefinitions.java:39)
	at ?.all the result titles should contain the word "cucumber"(src/test/resources/features/search/search_by_keyword.feature:7)
&amp#27;[0m
21:39:44.477 [pool-1-thread-1] ERROR n.t.c.steps.ConsoleLoggingListener - 
           __  _____ _____ ____ _____   _____ _    ___ _     _____ ____  
  _       / / |_   _| ____/ ___|_   _| |  ___/ \  |_ _| |   | ____|  _ \ 
 (_)_____| |    | | |  _| \___ \ | |   | |_ / _ \  | || |   |  _| | | | |
  _|_____| |    | | | |___ ___) || |   |  _/ ___ \ | || |___| |___| |_| |
 (_)     | |    |_| |_____|____/ |_|   |_|/_/   \_\___|_____|_____|____/ 
          \_\                                                            

TEST FAILED: Searching for a term
--------------------------------------------------------------------------
21:39:44.477 [pool-1-thread-1] ERROR n.t.c.steps.ConsoleLoggingListener - TEST FAILED AT STEP Then all the result titles should contain the word "cucumber"
21:39:44.480 [pool-1-thread-1] ERROR n.t.c.steps.ConsoleLoggingListener - Expecting all elements of:  <["BDD Testing & Collaboration Tools for Teams | CucumberYour browser indicates if you've visited this link",    "habr.com/post/332754 / ????Your browser indicates if you've visited this link",    "Cucumber - WikipediaYour browser indicates if you've visited this link",    "Cucumber Library - Mods - Minecraft - CurseForgeYour browser indicates if you've visited this link",    "WooordHunt.ru/word/cucumberYour browser indicates if you've visited this link",    "translate.ru/dictionary/en-ru/CucumberYour browser indicates if you've visited this link",    "Cucumber Open. Cucumber has 86 repositories available.Your browser indicates if you've visited this link",    "dokwork.ru/2015/08/cucumber.htmlYour browser indicates if you've visited this link",    "riptutorial.com/ru/cucumberYour browser indicates if you've visited this link",    "Cucumber - Overview - TutorialspointYour browser indicates if you've visited this link"]>to match given predicate but this element did not:  <"habr.com/post/332754 / ????Your browser indicates if you've visited this link">
]]></system-out>
    <system-err><![CDATA[Mar 15, 2020 9:39:33 PM org.openqa.selenium.remote.DesiredCapabilities chrome
INFO: Using `new ChromeOptions()` is preferred to `DesiredCapabilities.chrome()`
Starting ChromeDriver 79.0.3945.36 (3582db32b33893869b8c1339e8f4d9ed1816f143-refs/branch-heads/3945@{#614}) on port 37637
Only local connections are allowed.
Please protect ports used by ChromeDriver and related test frameworks to prevent access by malicious code.
[1584268775.352][WARNING]: This version of ChromeDriver has not been tested with Chrome version 80.
[1584268777.355][WARNING]: Timed out connecting to Chrome, retrying...
Mar 15, 2020 9:39:39 PM org.openqa.selenium.remote.ProtocolHandshake createSession
INFO: Detected dialect: W3C
]]></system-err>
  </testcase>
  <testcase name="Searching for a gherkin" classname="Search by keyword" time="10.715">
    <failure message="&#10;Expecting all elements of:&#10;  &lt;[&quot;BDD Testing &amp; Collaboration Tools for Teams | CucumberYour browser indicates if you&apos;ve visited this link&quot;,&#10;    &quot;habr.com/post/332754 / ХабрYour browser indicates if you&apos;ve visited this link&quot;,&#10;    &quot;Cucumber - WikipediaYour browser indicates if you&apos;ve visited this link&quot;,&#10;    &quot;Cucumber Library - Mods - Minecraft - CurseForgeYour browser indicates if you&apos;ve visited this link&quot;,&#10;    &quot;WooordHunt.ru/word/cucumberYour browser indicates if you&apos;ve visited this link&quot;,&#10;    &quot;translate.ru/dictionary/en-ru/CucumberYour browser indicates if you&apos;ve visited this link&quot;,&#10;    &quot;Cucumber Open. Cucumber has 86 repositories available.Your browser indicates if you&apos;ve visited this link&quot;,&#10;    &quot;dokwork.ru/2015/08/cucumber.htmlYour browser indicates if you&apos;ve visited this link&quot;,&#10;    &quot;riptutorial.com/ru/cucumberYour browser indicates if you&apos;ve visited this link&quot;,&#10;    &quot;Cucumber - Overview - TutorialspointYour browser indicates if you&apos;ve visited this link&quot;]&gt;&#10;to match given predicate but this element did not:&#10;  &lt;&quot;habr.com/post/332754 / ХабрYour browser indicates if you&apos;ve visited this link&quot;&gt;" type="java.lang.AssertionError"><![CDATA[java.lang.AssertionError: 

Expecting all elements of:
  <["BDD Testing & Collaboration Tools for Teams | CucumberYour browser indicates if you've visited this link",
    "habr.com/post/332754 / ХабрYour browser indicates if you've visited this link",
    "Cucumber - WikipediaYour browser indicates if you've visited this link",
    "Cucumber Library - Mods - Minecraft - CurseForgeYour browser indicates if you've visited this link",
    "WooordHunt.ru/word/cucumberYour browser indicates if you've visited this link",
    "translate.ru/dictionary/en-ru/CucumberYour browser indicates if you've visited this link",
    "Cucumber Open. Cucumber has 86 repositories available.Your browser indicates if you've visited this link",
    "dokwork.ru/2015/08/cucumber.htmlYour browser indicates if you've visited this link",
    "riptutorial.com/ru/cucumberYour browser indicates if you've visited this link",
    "Cucumber - Overview - TutorialspointYour browser indicates if you've visited this link"]>
to match given predicate but this element did not:
  <"habr.com/post/332754 / ХабрYour browser indicates if you've visited this link">
]]></failure>
    <system-out><![CDATA[21:39:45.079 [pool-1-thread-1] INFO  n.s.c.w.d.ProvideNewDriver - Instantiating driver
21:39:45.079 [pool-1-thread-1] INFO  n.s.c.w.d.ProvideNewDriver - Driver capabilities: Capabilities {acceptInsecureCerts: false, browserName: chrome, chrome.switches: --start-maximized;--test-ty..., goog:chromeOptions: {args: [--start-maximized, --test-type, --no-sandbox, --ignore-certificate-errors..., --disable-popup-blocking, --disable-default-apps, --disable-extensions-file-a..., --incognito, --disable-infobars, --disable-gpu, --headless], extensions: []}, loggingPrefs: org.openqa.selenium.logging..., platform: ANY, version: }
    &amp#27;[32mGiven &amp#27;[0m&amp#27;[32mSergey is on the DuckDuckGo home page&amp#27;[0m                   &amp#27;[90m# SearchOnDuckDuckGoStepDefinitions.i_am_on_the_DuckDuckGo_home_page()&amp#27;[0m
    &amp#27;[32mWhen &amp#27;[0m&amp#27;[32mhe searches for "&amp#27;[0m&amp#27;[32m&amp#27;[1mcucumber&amp#27;[0m&amp#27;[32m"&amp#27;[0m                               &amp#27;[90m# SearchOnDuckDuckGoStepDefinitions.i_search_for(String)&amp#27;[0m
    &amp#27;[31mThen &amp#27;[0m&amp#27;[31mall the result titles should contain the word "&amp#27;[0m&amp#27;[31m&amp#27;[1mcucumber&amp#27;[0m&amp#27;[31m"&amp#27;[0m &amp#27;[90m# SearchOnDuckDuckGoStepDefinitions.all_the_result_titles_should_contain_the_word(String)&amp#27;[0m
      &amp#27;[31mjava.lang.AssertionError: 
Expecting all elements of:
  <["BDD Testing & Collaboration Tools for Teams | CucumberYour browser indicates if you've visited this link",
    "habr.com/post/332754 / ????Your browser indicates if you've visited this link",
    "Cucumber - WikipediaYour browser indicates if you've visited this link",
    "Cucumber Library - Mods - Minecraft - CurseForgeYour browser indicates if you've visited this link",
    "WooordHunt.ru/word/cucumberYour browser indicates if you've visited this link",
    "translate.ru/dictionary/en-ru/CucumberYour browser indicates if you've visited this link",
    "Cucumber Open. Cucumber has 86 repositories available.Your browser indicates if you've visited this link",
    "dokwork.ru/2015/08/cucumber.htmlYour browser indicates if you've visited this link",
    "riptutorial.com/ru/cucumberYour browser indicates if you've visited this link",
    "Cucumber - Overview - TutorialspointYour browser indicates if you've visited this link"]>
to match given predicate but this element did not:
  <"habr.com/post/332754 / ????Your browser indicates if you've visited this link">
	at java.base/java.util.Optional.ifPresent(Optional.java:183)
	at starter.stepdefinitions.SearchOnDuckDuckGoStepDefinitions.all_the_result_titles_should_contain_the_word(SearchOnDuckDuckGoStepDefinitions.java:39)
	at ?.all the result titles should contain the word "cucumber"(src/test/resources/features/search/search_by_keyword.feature:13)
&amp#27;[0m
21:39:55.209 [pool-1-thread-1] ERROR n.t.c.steps.ConsoleLoggingListener - 
           __  _____ _____ ____ _____   _____ _    ___ _     _____ ____  
  _       / / |_   _| ____/ ___|_   _| |  ___/ \  |_ _| |   | ____|  _ \ 
 (_)_____| |    | | |  _| \___ \ | |   | |_ / _ \  | || |   |  _| | | | |
  _|_____| |    | | | |___ ___) || |   |  _/ ___ \ | || |___| |___| |_| |
 (_)     | |    |_| |_____|____/ |_|   |_|/_/   \_\___|_____|_____|____/ 
          \_\                                                            

TEST FAILED: Searching for a gherkin
--------------------------------------------------------------------------
21:39:55.210 [pool-1-thread-1] ERROR n.t.c.steps.ConsoleLoggingListener - TEST FAILED AT STEP Then all the result titles should contain the word "cucumber"
21:39:55.210 [pool-1-thread-1] ERROR n.t.c.steps.ConsoleLoggingListener - Expecting all elements of:  <["BDD Testing & Collaboration Tools for Teams | CucumberYour browser indicates if you've visited this link",    "habr.com/post/332754 / ????Your browser indicates if you've visited this link",    "Cucumber - WikipediaYour browser indicates if you've visited this link",    "Cucumber Library - Mods - Minecraft - CurseForgeYour browser indicates if you've visited this link",    "WooordHunt.ru/word/cucumberYour browser indicates if you've visited this link",    "translate.ru/dictionary/en-ru/CucumberYour browser indicates if you've visited this link",    "Cucumber Open. Cucumber has 86 repositories available.Your browser indicates if you've visited this link",    "dokwork.ru/2015/08/cucumber.htmlYour browser indicates if you've visited this link",    "riptutorial.com/ru/cucumberYour browser indicates if you've visited this link",    "Cucumber - Overview - TutorialspointYour browser indicates if you've visited this link"]>to match given predicate but this element did not:  <"habr.com/post/332754 / ????Your browser indicates if you've visited this link">
]]></system-out>
    <system-err><![CDATA[Mar 15, 2020 9:39:44 PM org.openqa.selenium.remote.DesiredCapabilities chrome
INFO: Using `new ChromeOptions()` is preferred to `DesiredCapabilities.chrome()`
Starting ChromeDriver 79.0.3945.36 (3582db32b33893869b8c1339e8f4d9ed1816f143-refs/branch-heads/3945@{#614}) on port 5332
Only local connections are allowed.
Please protect ports used by ChromeDriver and related test frameworks to prevent access by malicious code.
[1584268786.318][WARNING]: This version of ChromeDriver has not been tested with Chrome version 80.
[1584268788.322][WARNING]: Timed out connecting to Chrome, retrying...
Mar 15, 2020 9:39:50 PM org.openqa.selenium.remote.ProtocolHandshake createSession
INFO: Detected dialect: W3C
]]></system-err>
  </testcase>
</testsuite>